21:56:50 DEBUG : Logs will be stored at '/mnt/HLSNAS/04.fOjdzH/Vitis-Tutorials/Hardware_Acceleration/Feature_Tutorials/01-rtl_kernel_workflow/work1/IDE.log'.
21:56:51 INFO  : Launching XSCT server: xsct -n  -interactive /mnt/HLSNAS/04.fOjdzH/Vitis-Tutorials/Hardware_Acceleration/Feature_Tutorials/01-rtl_kernel_workflow/work1/temp_xsdb_launch_script.tcl
21:56:51 INFO  : Registering command handlers for Vitis TCF services
21:56:52 INFO  : Platform repository initialization has completed.
21:56:53 INFO  : XSCT server has started successfully.
21:56:53 INFO  : Successfully done setting XSCT server connection channel  
21:56:53 INFO  : plnx-install-location is set to ''
21:56:53 INFO  : Successfully done query RDI_DATADIR 
21:56:53 INFO  : Successfully done setting workspace for the tool. 
22:00:55 INFO  : Added binary container 'binary_container_1' in project 'KernelTest_system_hw_link'
22:00:55 INFO  : Added kernel '[Vadd_A_B - KernelTest_kernels/src/Vadd_A_B.xo]' in binary container 'binary_container_1' of project 'KernelTest_system_hw_link'
22:03:24 INFO  : Build configuration of 'KernelTest_system' is updated to 'Emulation-HW'
22:03:24 INFO  : Build configuration of system project is automatically updated to 'Emulation-HW'.
22:03:24 INFO  : Build configuration of 'KernelTest_system_hw_link' is updated to 'Emulation-HW'
22:03:24 INFO  : Build configuration of 'KernelTest' is updated to 'Emulation-HW'
22:13:36 DEBUG : Logs will be stored at '/mnt/HLSNAS/04.fOjdzH/Vitis-Tutorials/Hardware_Acceleration/Feature_Tutorials/01-rtl_kernel_workflow/work1/IDE.log'.
22:13:37 INFO  : Launching XSCT server: xsct -n  -interactive /mnt/HLSNAS/04.fOjdzH/Vitis-Tutorials/Hardware_Acceleration/Feature_Tutorials/01-rtl_kernel_workflow/work1/temp_xsdb_launch_script.tcl
22:13:38 INFO  : Platform repository initialization has completed.
22:13:39 INFO  : Registering command handlers for Vitis TCF services
22:13:39 INFO  : XSCT server has started successfully.
22:13:39 INFO  : plnx-install-location is set to ''
22:13:39 INFO  : Successfully done setting XSCT server connection channel  
22:13:39 INFO  : Successfully done query RDI_DATADIR 
22:13:39 INFO  : Successfully done setting workspace for the tool. 
22:18:54 INFO  : Launching executable: Emulation-HW/KernelTest  ${project_loc:KernelTest_system}/Emulation-HW/binary_container_1.xclbin
